=== RUN   TestIntegrationKind
Running Suite: Integration Kind Suite - /Users/justinsearles/Projects/tide/test/integration/kind
================================================================================================
Random Seed: 1782117568

Will run 3 of 21 specs
SSSSS
------------------------------
• [FAILED] [555.731 seconds]
Import resume E2E Tier a: small fixture drain to all-Milestones-Succeeded + live round-trip [It] imports small fixture, drains to Succeeded, then round-trips via live export+import (D-10/D-11a) [kind, long]
/Users/justinsearles/Projects/tide/test/integration/kind/import_resume_test.go:116

  Timeline >>
  STEP: Importing small fixture via tide import-envelopes (real CLI) @ 06/22/26 04:40:02.516
  import-envelopes (small fixture): importing bundle (live mode): testdata/import-small-fixture
  creating seed ConfigMap import-resume-test/tide-import-seed-import-small-test...
  staging envelopes onto PVC via loader pod (SPDY exec)...
  creating loader pod import-resume-test/tide-loader-6pyn5hqy...
  waiting for loader pod to start...
  streaming pvc-envelopes.tgz into loader pod via SPDY exec...
  loader pod stream complete

  Bundle staged successfully.
  Run the following to trigger adoption:
    tide apply project.yaml

  STEP: Applying small-fixture project.yaml via kubectl apply @ 06/22/26 04:40:05.473
  apply project.yaml: project.tideproject.k8s/import-small-test created

  STEP: Waiting for all Milestones to reach Succeeded (stub subagents drive cascade) @ 06/22/26 04:40:05.671
  [FAILED] in [It] - /Users/justinsearles/Projects/tide/test/integration/kind/import_resume_test.go:174 @ 06/22/26 04:48:05.759
  Kind logs exported to: /var/folders/51/h7gq6p5x3592gvrbhrd985q80000gn/T/kind-logs-tide-test
  << Timeline

  [FAILED] Timed out after 480.000s.
  all Milestones in import-resume-test must reach Succeeded
  The function passed to Eventually returned the following error:
      <*errors.errorString | 0x1df230c06280>: 
      no Milestones found in import-resume-test yet
      {
          s: "no Milestones found in import-resume-test yet",
      }
  In [It] at: /Users/justinsearles/Projects/tide/test/integration/kind/import_resume_test.go:174 @ 06/22/26 04:48:05.759
------------------------------
• [FAILED] [39.357 seconds]
Import resume E2E Tier b: salvage-20260618 adoption — 0 planner Jobs {milestone,phase} + $0 re-paid [It] imports salvage fixture, asserts 0 {milestone,phase} planner Jobs + $0 re-paid cost (D-11b/D-14/D-17) [kind, long]
/Users/justinsearles/Projects/tide/test/integration/kind/import_resume_test.go:274

  Timeline >>
  STEP: Importing salvage-20260618 fixture via tide import-envelopes (real CLI) @ 06/22/26 04:49:14.345
  [FAILED] in [It] - /Users/justinsearles/Projects/tide/test/integration/kind/import_resume_test.go:292 @ 06/22/26 04:49:14.469
  Kind logs exported to: /var/folders/51/h7gq6p5x3592gvrbhrd985q80000gn/T/kind-logs-tide-test
  << Timeline

  [FAILED] tide import-envelopes of salvage fixture: importing bundle (live mode): ../../../examples/projects/dogfood/salvage-20260618
  Error: read project.yaml from bundle: open ../../../examples/projects/dogfood/salvage-20260618/project.yaml: no such file or directory
  read project.yaml from bundle: open ../../../examples/projects/dogfood/salvage-20260618/project.yaml: no such file or directory

  Unexpected error:
      <*exec.ExitError | 0x1df230d18b60>: 
      exit status 1
      {
          ProcessState: {
              pid: 48630,
              status: 256,
              rusage: {
                  Utime: {
                      Sec: 0,
                      Usec: 17942,
                      Pad_cgo_0: [0, 0, 0, 0],
                  },
                  Stime: {
                      Sec: 0,
                      Usec: 21124,
                      Pad_cgo_0: [0, 0, 0, 0],
                  },
                  Maxrss: 20938752,
                  Ixrss: 0,
                  Idrss: 0,
                  Isrss: 0,
                  Minflt: 3578,
                  Majflt: 3181,
                  Nswap: 0,
                  Inblock: 0,
                  Oublock: 0,
                  Msgsnd: 0,
                  Msgrcv: 0,
                  Nsignals: 30,
                  Nvcsw: 8,
                  Nivcsw: 691,
              },
          },
          Stderr: nil,
      }
  occurred
  In [It] at: /Users/justinsearles/Projects/tide/test/integration/kind/import_resume_test.go:292 @ 06/22/26 04:49:14.469
------------------------------
SSSSSSSSSSSS
------------------------------
• [FAILED] [68.528 seconds]
Loader SPDY exec smoke [It] streams a tgz into a busybox pod via SPDY exec and unpacks marker.txt (A1/A2 gate) [kind, long]
/Users/justinsearles/Projects/tide/test/integration/kind/loader_exec_smoke_test.go:87

  Timeline >>
  STEP: Creating loader smoke pod @ 06/22/26 04:49:53.626
  STEP: Waiting for loader smoke pod to reach Running @ 06/22/26 04:49:53.64
  STEP: Building in-memory tgz with marker.txt @ 06/22/26 04:49:55.661
  STEP: Building SPDY exec URL via SubResource("exec") + VersionedParams @ 06/22/26 04:49:55.663
  STEP: Creating SPDY executor (remotecommand.NewSPDYExecutor) @ 06/22/26 04:49:55.664
  STEP: Streaming tgz into pod stdin via SPDY StreamWithContext @ 06/22/26 04:49:55.664
  STEP: Waiting for loader pod to Succeed (tar unpacked cleanly) @ 06/22/26 04:49:55.777
  [FAILED] in [It] - /Users/justinsearles/Projects/tide/test/integration/kind/loader_exec_smoke_test.go:213 @ 06/22/26 04:50:25.788
  << Timeline

  [FAILED] Timed out after 30.000s.
  The function passed to Eventually failed at /Users/justinsearles/Projects/tide/test/integration/kind/loader_exec_smoke_test.go:211 with:
  loader pod must Succeed after tgz unpack (tar exit code 0 = unpack OK)
  Expected
      <v1.PodPhase>: Running
  to equal
      <v1.PodPhase>: Succeeded
  In [It] at: /Users/justinsearles/Projects/tide/test/integration/kind/loader_exec_smoke_test.go:213 @ 06/22/26 04:50:25.788
------------------------------
S

Summarizing 3 Failures:
  [FAIL] Import resume E2E Tier a: small fixture drain to all-Milestones-Succeeded + live round-trip [It] imports small fixture, drains to Succeeded, then round-trips via live export+import (D-10/D-11a) [kind, long]
  /Users/justinsearles/Projects/tide/test/integration/kind/import_resume_test.go:174
  [FAIL] Import resume E2E Tier b: salvage-20260618 adoption — 0 planner Jobs {milestone,phase} + $0 re-paid [It] imports salvage fixture, asserts 0 {milestone,phase} planner Jobs + $0 re-paid cost (D-11b/D-14/D-17) [kind, long]
  /Users/justinsearles/Projects/tide/test/integration/kind/import_resume_test.go:292
  [FAIL] Loader SPDY exec smoke [It] streams a tgz into a busybox pod via SPDY exec and unpacks marker.txt (A1/A2 gate) [kind, long]
  /Users/justinsearles/Projects/tide/test/integration/kind/loader_exec_smoke_test.go:213

Ran 3 of 21 Specs in 693.564 seconds
FAIL! -- 0 Passed | 3 Failed | 0 Pending | 18 Skipped
--- FAIL: TestIntegrationKind (693.57s)
FAIL
FAIL	github.com/jsquirrelz/tide/test/integration/kind	694.285s
FAIL
